<?xml version="1.0" encoding="UTF-8"?>
<testsuite name="edu.jsu.mcis.gamegogy.service.GamegogyControllerTests" tests="2" skipped="0" failures="0" errors="0" timestamp="2017-04-21T03:32:49" hostname="Joel" time="0.484">
  <properties/>
  <testcase name="paramCourseShouldReturnCourseInformation" classname="edu.jsu.mcis.gamegogy.service.GamegogyControllerTests" time="0.459"/>
  <testcase name="paramStudentShouldReturnStudentInformation" classname="edu.jsu.mcis.gamegogy.service.GamegogyControllerTests" time="0.022"/>
  <system-out><![CDATA[22:32:41.176 [Test worker] DEBUG org.springframework.test.context.junit4.SpringJUnit4ClassRunner - SpringJUnit4ClassRunner constructor called with [class edu.jsu.mcis.gamegogy.service.GamegogyControllerTests]
22:32:41.191 [Test worker] DEBUG org.springframework.test.context.BootstrapUtils - Instantiating CacheAwareContextLoaderDelegate from class [org.springframework.test.context.cache.DefaultCacheAwareContextLoaderDelegate]
22:32:41.222 [Test worker] DEBUG org.springframework.test.context.BootstrapUtils - Instantiating BootstrapContext using constructor [public org.springframework.test.context.support.DefaultBootstrapContext(java.lang.Class,org.springframework.test.context.CacheAwareContextLoaderDelegate)]
22:32:41.353 [Test worker] DEBUG org.springframework.test.context.BootstrapUtils - Instantiating TestContextBootstrapper for test class [edu.jsu.mcis.gamegogy.service.GamegogyControllerTests] from class [org.springframework.boot.test.context.SpringBootTestContextBootstrapper]
22:32:41.400 [Test worker] INFO org.springframework.boot.test.context.SpringBootTestContextBootstrapper - Neither @ContextConfiguration nor @ContextHierarchy found for test class [edu.jsu.mcis.gamegogy.service.GamegogyControllerTests], using SpringBootContextLoader
22:32:41.413 [Test worker] DEBUG org.springframework.test.context.support.AbstractContextLoader - Did not detect default resource location for test class [edu.jsu.mcis.gamegogy.service.GamegogyControllerTests]: class path resource [edu/jsu/mcis/gamegogy/service/GamegogyControllerTests-context.xml] does not exist
22:32:41.415 [Test worker] DEBUG org.springframework.test.context.support.AbstractContextLoader - Did not detect default resource location for test class [edu.jsu.mcis.gamegogy.service.GamegogyControllerTests]: class path resource [edu/jsu/mcis/gamegogy/service/GamegogyControllerTestsContext.groovy] does not exist
22:32:41.416 [Test worker] INFO org.springframework.test.context.support.AbstractContextLoader - Could not detect default resource locations for test class [edu.jsu.mcis.gamegogy.service.GamegogyControllerTests]: no resource found for suffixes {-context.xml, Context.groovy}.
22:32:41.418 [Test worker] INFO org.springframework.test.context.support.AnnotationConfigContextLoaderUtils - Could not detect default configuration classes for test class [edu.jsu.mcis.gamegogy.service.GamegogyControllerTests]: GamegogyControllerTests does not declare any static, non-private, non-final, nested classes annotated with @Configuration.
22:32:41.989 [Test worker] DEBUG org.springframework.test.context.support.ActiveProfilesUtils - Could not find an 'annotation declaring class' for annotation type [org.springframework.test.context.ActiveProfiles] and class [edu.jsu.mcis.gamegogy.service.GamegogyControllerTests]
22:32:42.011 [Test worker] DEBUG org.springframework.core.env.StandardEnvironment - Adding [systemProperties] PropertySource with lowest search precedence
22:32:42.011 [Test worker] DEBUG org.springframework.core.env.StandardEnvironment - Adding [systemEnvironment] PropertySource with lowest search precedence
22:32:42.012 [Test worker] DEBUG org.springframework.core.env.StandardEnvironment - Initialized StandardEnvironment with PropertySources [systemProperties,systemEnvironment]
22:32:42.068 [Test worker] DEBUG org.springframework.core.io.support.PathMatchingResourcePatternResolver - Resolved classpath location [edu/jsu/mcis/gamegogy/service/] to resources [URL [file:/C:/Users/Joel%20Branham/Documents/SoftwareEngineering/GamegogySprint4/420/Gamegogy/service/build/classes/test/edu/jsu/mcis/gamegogy/service/], URL [file:/C:/Users/Joel%20Branham/Documents/SoftwareEngineering/GamegogySprint4/420/Gamegogy/service/build/classes/main/edu/jsu/mcis/gamegogy/service/]]
22:32:42.069 [Test worker] DEBUG org.springframework.core.io.support.PathMatchingResourcePatternResolver - Looking for matching resources in directory tree [C:\Users\Joel Branham\Documents\SoftwareEngineering\GamegogySprint4\420\Gamegogy\service\build\classes\test\edu\jsu\mcis\gamegogy\service]
22:32:42.070 [Test worker] DEBUG org.springframework.core.io.support.PathMatchingResourcePatternResolver - Searching directory [C:\Users\Joel Branham\Documents\SoftwareEngineering\GamegogySprint4\420\Gamegogy\service\build\classes\test\edu\jsu\mcis\gamegogy\service] for files matching pattern [C:/Users/Joel Branham/Documents/SoftwareEngineering/GamegogySprint4/420/Gamegogy/service/build/classes/test/edu/jsu/mcis/gamegogy/service/*.class]
22:32:42.076 [Test worker] DEBUG org.springframework.core.io.support.PathMatchingResourcePatternResolver - Looking for matching resources in directory tree [C:\Users\Joel Branham\Documents\SoftwareEngineering\GamegogySprint4\420\Gamegogy\service\build\classes\main\edu\jsu\mcis\gamegogy\service]
22:32:42.079 [Test worker] DEBUG org.springframework.core.io.support.PathMatchingResourcePatternResolver - Searching directory [C:\Users\Joel Branham\Documents\SoftwareEngineering\GamegogySprint4\420\Gamegogy\service\build\classes\main\edu\jsu\mcis\gamegogy\service] for files matching pattern [C:/Users/Joel Branham/Documents/SoftwareEngineering/GamegogySprint4/420/Gamegogy/service/build/classes/main/edu/jsu/mcis/gamegogy/service/*.class]
22:32:42.081 [Test worker] DEBUG org.springframework.core.io.support.PathMatchingResourcePatternResolver - Resolved location pattern [classpath*:edu/jsu/mcis/gamegogy/service/*.class] to resources [file [C:\Users\Joel Branham\Documents\SoftwareEngineering\GamegogySprint4\420\Gamegogy\service\build\classes\test\edu\jsu\mcis\gamegogy\service\GamegogyControllerTests.class], file [C:\Users\Joel Branham\Documents\SoftwareEngineering\GamegogySprint4\420\Gamegogy\service\build\classes\main\edu\jsu\mcis\gamegogy\service\Application.class], file [C:\Users\Joel Branham\Documents\SoftwareEngineering\GamegogySprint4\420\Gamegogy\service\build\classes\main\edu\jsu\mcis\gamegogy\service\WebService.class]]
22:32:42.390 [Test worker] DEBUG org.springframework.context.annotation.ClassPathScanningCandidateComponentProvider - Identified candidate component class: file [C:\Users\Joel Branham\Documents\SoftwareEngineering\GamegogySprint4\420\Gamegogy\service\build\classes\main\edu\jsu\mcis\gamegogy\service\Application.class]
22:32:42.412 [Test worker] INFO org.springframework.boot.test.context.SpringBootTestContextBootstrapper - Found @SpringBootConfiguration edu.jsu.mcis.gamegogy.service.Application for test class edu.jsu.mcis.gamegogy.service.GamegogyControllerTests
22:32:42.423 [Test worker] DEBUG org.springframework.boot.test.context.SpringBootTestContextBootstrapper - @TestExecutionListeners is not present for class [edu.jsu.mcis.gamegogy.service.GamegogyControllerTests]: using defaults.
22:32:42.433 [Test worker] INFO org.springframework.boot.test.context.SpringBootTestContextBootstrapper - Loaded default TestExecutionListener class names from location [META-INF/spring.factories]: [org.springframework.boot.test.mock.mockito.MockitoTestExecutionListener, org.springframework.boot.test.mock.mockito.ResetMocksTestExecutionListener, org.springframework.boot.test.autoconfigure.restdocs.RestDocsTestExecutionListener, org.springframework.boot.test.autoconfigure.web.client.MockRestServiceServerResetTestExecutionListener, org.springframework.boot.test.autoconfigure.web.servlet.MockMvcPrintOnlyOnFailureTestExecutionListener, org.springframework.boot.test.autoconfigure.web.servlet.WebDriverTestExecutionListener, org.springframework.test.context.web.ServletTestExecutionListener, org.springframework.test.context.support.DirtiesContextBeforeModesTestExecutionListener, org.springframework.test.context.support.DependencyInjectionTestExecutionListener, org.springframework.test.context.support.DirtiesContextTestExecutionListener, org.springframework.test.context.transaction.TransactionalTestExecutionListener, org.springframework.test.context.jdbc.SqlScriptsTestExecutionListener]
22:32:42.459 [Test worker] INFO org.springframework.boot.test.context.SpringBootTestContextBootstrapper - Could not instantiate TestExecutionListener [org.springframework.test.context.jdbc.SqlScriptsTestExecutionListener]. Specify custom listener classes or make the default listener classes (and their required dependencies) available. Offending class: [org/springframework/transaction/interceptor/TransactionAttribute]
22:32:42.487 [Test worker] INFO org.springframework.boot.test.context.SpringBootTestContextBootstrapper - Could not instantiate TestExecutionListener [org.springframework.test.context.transaction.TransactionalTestExecutionListener]. Specify custom listener classes or make the default listener classes (and their required dependencies) available. Offending class: [org/springframework/transaction/interceptor/TransactionAttributeSource]
22:32:42.492 [Test worker] INFO org.springframework.boot.test.context.SpringBootTestContextBootstrapper - Using TestExecutionListeners: [org.springframework.test.context.web.ServletTestExecutionListener@24960829, org.springframework.test.context.support.DirtiesContextBeforeModesTestExecutionListener@7a6d3cc9, org.springframework.boot.test.autoconfigure.SpringBootDependencyInjectionTestExecutionListener@27e92baa, org.springframework.test.context.support.DirtiesContextTestExecutionListener@19cecca2, org.springframework.boot.test.autoconfigure.web.servlet.WebDriverTestExecutionListener@d0d48f2, org.springframework.boot.test.autoconfigure.web.client.MockRestServiceServerResetTestExecutionListener@1e15a6ee, org.springframework.boot.test.autoconfigure.web.servlet.MockMvcPrintOnlyOnFailureTestExecutionListener@70cf6afd, org.springframework.boot.test.mock.mockito.MockitoTestExecutionListener@1f8b139a, org.springframework.boot.test.mock.mockito.ResetMocksTestExecutionListener@78269241, org.springframework.boot.test.autoconfigure.restdocs.RestDocsTestExecutionListener@4bb7697d]
22:32:42.653 [Test worker] DEBUG org.springframework.test.annotation.ProfileValueUtils - Retrieved @ProfileValueSourceConfiguration [null] for test class [edu.jsu.mcis.gamegogy.service.GamegogyControllerTests]
22:32:42.656 [Test worker] DEBUG org.springframework.test.annotation.ProfileValueUtils - Retrieved ProfileValueSource type [class org.springframework.test.annotation.SystemProfileValueSource] for class [edu.jsu.mcis.gamegogy.service.GamegogyControllerTests]
22:32:42.665 [Test worker] DEBUG org.springframework.test.annotation.ProfileValueUtils - Retrieved @ProfileValueSourceConfiguration [null] for test class [edu.jsu.mcis.gamegogy.service.GamegogyControllerTests]
22:32:42.666 [Test worker] DEBUG org.springframework.test.annotation.ProfileValueUtils - Retrieved ProfileValueSource type [class org.springframework.test.annotation.SystemProfileValueSource] for class [edu.jsu.mcis.gamegogy.service.GamegogyControllerTests]
22:32:42.679 [Test worker] DEBUG org.springframework.test.context.support.AbstractDirtiesContextTestExecutionListener - Before test class: context [DefaultTestContext@5aeacf94 testClass = GamegogyControllerTests, testInstance = [null], testMethod = [null], testException = [null], mergedContextConfiguration = [WebMergedContextConfiguration@153e76e3 testClass = GamegogyControllerTests, locations = '{}', classes = '{class edu.jsu.mcis.gamegogy.service.Application}', contextInitializerClasses = '[]', activeProfiles = '{}', propertySourceLocations = '{}', propertySourceProperties = '{org.springframework.boot.test.context.SpringBootTestContextBootstrapper=true}', contextCustomizers = set[[ImportsContextCustomizer@1888500f key = [org.springframework.boot.test.autoconfigure.web.servlet.MockMvcAutoConfiguration, org.springframework.boot.test.autoconfigure.web.servlet.MockMvcSecurityAutoConfiguration, org.springframework.boot.test.autoconfigure.web.servlet.MockMvcWebClientAutoConfiguration, org.springframework.boot.test.autoconfigure.web.servlet.MockMvcWebDriverAutoConfiguration, Package Import edu.jsu.mcis.gamegogy.service]], org.springframework.boot.test.context.SpringBootTestContextCustomizer@58c5468f, org.springframework.boot.test.context.filter.ExcludeFilterContextCustomizer@2e83df2, org.springframework.boot.test.mock.mockito.MockitoContextCustomizer@0, org.springframework.boot.test.autoconfigure.properties.PropertyMappingContextCustomizer@e7e8512, org.springframework.boot.test.autoconfigure.web.servlet.WebDriverContextCustomizerFactory$Customizer@2e5a7e41], resourceBasePath = 'src/main/webapp', contextLoader = 'org.springframework.boot.test.context.SpringBootContextLoader', parent = [null]]], class annotated with @DirtiesContext [false] with mode [null].
22:32:43.031 [Test worker] DEBUG org.springframework.test.annotation.ProfileValueUtils - Retrieved @ProfileValueSourceConfiguration [null] for test class [edu.jsu.mcis.gamegogy.service.GamegogyControllerTests]
22:32:43.045 [Test worker] DEBUG org.springframework.test.annotation.ProfileValueUtils - Retrieved ProfileValueSource type [class org.springframework.test.annotation.SystemProfileValueSource] for class [edu.jsu.mcis.gamegogy.service.GamegogyControllerTests]
22:32:43.616 [Test worker] DEBUG org.springframework.core.env.StandardEnvironment - Adding [systemProperties] PropertySource with lowest search precedence
22:32:43.617 [Test worker] DEBUG org.springframework.core.env.StandardEnvironment - Adding [systemEnvironment] PropertySource with lowest search precedence
22:32:43.617 [Test worker] DEBUG org.springframework.core.env.StandardEnvironment - Initialized StandardEnvironment with PropertySources [systemProperties,systemEnvironment]
22:32:43.624 [Test worker] DEBUG org.springframework.core.env.MutablePropertySources - Adding [inline] PropertySource with highest search precedence
22:32:43.748 [Test worker] DEBUG org.springframework.test.context.support.TestPropertySourceUtils - Adding inlined properties to environment: {spring.jmx.enabled=false, org.springframework.boot.test.context.SpringBootTestContextBootstrapper=true, server.port=-1}
22:32:43.749 [Test worker] DEBUG org.springframework.core.env.StandardEnvironment - Adding [Inlined Test Properties] PropertySource with highest search precedence

  .   ____          _            __ _ _
 /\\ / ___'_ __ _ _(_)_ __  __ _ \ \ \ \
( ( )\___ | '_ | '_| | '_ \/ _` | \ \ \ \
 \\/  ___)| |_)| | | | | || (_| |  ) ) ) )
  '  |____| .__|_| |_|_| |_\__, | / / / /
 =========|_|==============|___/=/_/_/_/
 :: Spring Boot ::        (v1.5.2.RELEASE)

2017-04-20 22:32:44.894  INFO 16832 --- [    Test worker] e.j.m.g.service.GamegogyControllerTests  : Starting GamegogyControllerTests on Joel with PID 16832 (started by Joel Branham in C:\Users\Joel Branham\Documents\SoftwareEngineering\GamegogySprint4\420\Gamegogy\service)
2017-04-20 22:32:44.896  INFO 16832 --- [    Test worker] e.j.m.g.service.GamegogyControllerTests  : No active profile set, falling back to default profiles: default
2017-04-20 22:32:44.940  INFO 16832 --- [    Test worker] o.s.w.c.s.GenericWebApplicationContext   : Refreshing org.springframework.web.context.support.GenericWebApplicationContext@2ce1e0d2: startup date [Thu Apr 20 22:32:44 CDT 2017]; root of context hierarchy
2017-04-20 22:32:48.275  INFO 16832 --- [    Test worker] o.s.b.t.m.w.SpringBootMockServletContext : Initializing Spring FrameworkServlet ''
2017-04-20 22:32:48.275  INFO 16832 --- [    Test worker] o.s.t.web.servlet.TestDispatcherServlet  : FrameworkServlet '': initialization started
2017-04-20 22:32:48.608  INFO 16832 --- [    Test worker] s.w.s.m.m.a.RequestMappingHandlerMapping : Mapped "{[/gamegogy/studentlist],methods=[GET]}" onto public java.lang.String[] edu.jsu.mcis.gamegogy.service.WebService.getStudentList()
2017-04-20 22:32:48.610  INFO 16832 --- [    Test worker] s.w.s.m.m.a.RequestMappingHandlerMapping : Mapped "{[/gamegogy/student/{id}],methods=[GET]}" onto public edu.jsu.mcis.gamegogy.Student edu.jsu.mcis.gamegogy.service.WebService.getStudentInfo(java.lang.String)
2017-04-20 22:32:48.611  INFO 16832 --- [    Test worker] s.w.s.m.m.a.RequestMappingHandlerMapping : Mapped "{[/gamegogy/course/{id}],methods=[GET]}" onto public edu.jsu.mcis.gamegogy.Course edu.jsu.mcis.gamegogy.service.WebService.getCourseInfo(java.lang.String)
2017-04-20 22:32:48.611  INFO 16832 --- [    Test worker] s.w.s.m.m.a.RequestMappingHandlerMapping : Mapped "{[/gamegogy/courselist],methods=[GET]}" onto public java.lang.String[] edu.jsu.mcis.gamegogy.service.WebService.getCourseList()
2017-04-20 22:32:48.618  INFO 16832 --- [    Test worker] s.w.s.m.m.a.RequestMappingHandlerMapping : Mapped "{[/error]}" onto public org.springframework.http.ResponseEntity<java.util.Map<java.lang.String, java.lang.Object>> org.springframework.boot.autoconfigure.web.BasicErrorController.error(javax.servlet.http.HttpServletRequest)
2017-04-20 22:32:48.619  INFO 16832 --- [    Test worker] s.w.s.m.m.a.RequestMappingHandlerMapping : Mapped "{[/error],produces=[text/html]}" onto public org.springframework.web.servlet.ModelAndView org.springframework.boot.autoconfigure.web.BasicErrorController.errorHtml(javax.servlet.http.HttpServletRequest,javax.servlet.http.HttpServletResponse)
2017-04-20 22:32:48.674  INFO 16832 --- [    Test worker] o.s.w.s.handler.SimpleUrlHandlerMapping  : Mapped URL path [/webjars/**] onto handler of type [class org.springframework.web.servlet.resource.ResourceHttpRequestHandler]
2017-04-20 22:32:48.675  INFO 16832 --- [    Test worker] o.s.w.s.handler.SimpleUrlHandlerMapping  : Mapped URL path [/**] onto handler of type [class org.springframework.web.servlet.resource.ResourceHttpRequestHandler]
2017-04-20 22:32:48.706  INFO 16832 --- [    Test worker] o.s.w.s.handler.SimpleUrlHandlerMapping  : Mapped URL path [/**/favicon.ico] onto handler of type [class org.springframework.web.servlet.resource.ResourceHttpRequestHandler]
2017-04-20 22:32:48.790  INFO 16832 --- [    Test worker] s.w.s.m.m.a.RequestMappingHandlerAdapter : Looking for @ControllerAdvice: org.springframework.web.context.support.GenericWebApplicationContext@2ce1e0d2: startup date [Thu Apr 20 22:32:44 CDT 2017]; root of context hierarchy
2017-04-20 22:32:48.997  INFO 16832 --- [    Test worker] o.s.t.web.servlet.TestDispatcherServlet  : FrameworkServlet '': initialization completed in 722 ms
2017-04-20 22:32:49.286  INFO 16832 --- [    Test worker] e.j.m.g.service.GamegogyControllerTests  : Started GamegogyControllerTests in 5.432 seconds (JVM running for 11.098)

MockHttpServletRequest:
      HTTP Method = GET
      Request URI = /gamegogy/course/99018
       Parameters = {}
          Headers = {}

Handler:
             Type = edu.jsu.mcis.gamegogy.service.WebService
           Method = public edu.jsu.mcis.gamegogy.Course edu.jsu.mcis.gamegogy.service.WebService.getCourseInfo(java.lang.String)

Async:
    Async started = false
     Async result = null

Resolved Exception:
             Type = null

ModelAndView:
        View name = null
             View = null
            Model = null

FlashMap:
       Attributes = null

MockHttpServletResponse:
           Status = 200
    Error message = null
          Headers = {Content-Type=[application/json;charset=UTF-8]}
     Content type = application/json;charset=UTF-8
             Body = {"id":"99018","term":"Spring","year":"2014","size":16,"grades":{"colHeaders":["Total","Assignment 1","Assignment 2","Assignment 3","Assignment 4","Assignment 5","Assignment 6","Exam 1","Exam 2"],"rowHeaders":["111396","111338","111328","111148","111192","111333","111363","111146","111239","111316","111257","111224","111255","111379","111291","111296"],"data":[[406.0,33.0,27.0,26.0,34.0,40.0,38.0,108.0,100.0],[765.0,39.0,41.0,52.0,51.0,52.0,59.0,219.0,252.0],[410.0,25.0,36.0,28.0,31.0,27.0,22.0,137.0,104.0],[804.0,59.0,60.0,56.0,47.0,36.0,62.0,240.0,244.0],[891.0,66.0,53.0,55.0,66.0,51.0,54.0,270.0,276.0],[468.0,30.0,29.0,30.0,32.0,26.0,37.0,119.0,165.0],[925.0,66.0,60.0,63.0,62.0,63.0,57.0,254.0,300.0],[929.0,65.0,62.0,59.0,66.0,59.0,62.0,266.0,290.0],[662.0,38.0,51.0,38.0,46.0,29.0,42.0,253.0,165.0],[904.0,66.0,50.0,63.0,60.0,46.0,61.0,274.0,284.0],[800.0,52.0,59.0,58.0,51.0,60.0,54.0,239.0,227.0],[497.0,34.0,34.0,39.0,29.0,32.0,26.0,196.0,107.0],[803.0,66.0,55.0,55.0,47.0,53.0,45.0,246.0,236.0],[433.0,15.0,24.0,39.0,30.0,37.0,37.0,98.0,153.0],[675.0,53.0,57.0,44.0,46.0,38.0,55.0,206.0,176.0],[667.0,45.0,48.0,35.0,39.0,49.0,44.0,196.0,211.0]]}}
    Forwarded URL = null
   Redirected URL = null
          Cookies = []

MockHttpServletRequest:
      HTTP Method = GET
      Request URI = /gamegogy/student/111124
       Parameters = {}
          Headers = {}

Handler:
             Type = edu.jsu.mcis.gamegogy.service.WebService
           Method = public edu.jsu.mcis.gamegogy.Student edu.jsu.mcis.gamegogy.service.WebService.getStudentInfo(java.lang.String)

Async:
    Async started = false
     Async result = null

Resolved Exception:
             Type = null

ModelAndView:
        View name = null
             View = null
            Model = null

FlashMap:
       Attributes = null

MockHttpServletResponse:
           Status = 200
    Error message = null
          Headers = {Content-Type=[application/json;charset=UTF-8]}
     Content type = application/json;charset=UTF-8
             Body = {"id":"111124","first":"Sue","last":"Wilkins","email":"swilkins"}
    Forwarded URL = null
   Redirected URL = null
          Cookies = []
]]></system-out>
  <system-err><![CDATA[]]></system-err>
</testsuite>
