<?xml version="1.0" encoding="UTF-8"?>
<testsuite name="edu.jsu.mcis.StudentTest" tests="3" skipped="0" failures="0" errors="0" timestamp="2017-03-06T17:27:00" hostname="Allie" time="0.006">
  <properties/>
  <testcase name="testToString" classname="edu.jsu.mcis.StudentTest" time="0.001"/>
  <testcase name="testStudentIsInitalizedProperly" classname="edu.jsu.mcis.StudentTest" time="0.001"/>
  <testcase name="testStudentIsInitializedProperly2" classname="edu.jsu.mcis.StudentTest" time="0.002"/>
  <system-out><![CDATA[]]></system-out>
  <system-err><![CDATA[]]></system-err>
</testsuite>
