<?xml version="1.0" encoding="UTF-8"?>
<testsuite name="edu.jsu.mcis.DatabaseTest" tests="9" skipped="0" failures="0" errors="0" timestamp="2017-03-06T17:26:59" hostname="Allie" time="0.223">
  <properties/>
  <testcase name="testInvalidKeyThrowsStudentException" classname="edu.jsu.mcis.DatabaseTest" time="0.039"/>
  <testcase name="testInvalidKeyThrowsCourseException" classname="edu.jsu.mcis.DatabaseTest" time="0.034"/>
  <testcase name="testStudents" classname="edu.jsu.mcis.DatabaseTest" time="0.012"/>
  <testcase name="testGetStudentStrings" classname="edu.jsu.mcis.DatabaseTest" time="0.006"/>
  <testcase name="testAddCourseInfo1" classname="edu.jsu.mcis.DatabaseTest" time="0.014"/>
  <testcase name="testAddCourseInfo2" classname="edu.jsu.mcis.DatabaseTest" time="0.006"/>
  <testcase name="testListToString" classname="edu.jsu.mcis.DatabaseTest" time="0.014"/>
  <testcase name="testCourses" classname="edu.jsu.mcis.DatabaseTest" time="0.028"/>
  <testcase name="testGetCourseStrings" classname="edu.jsu.mcis.DatabaseTest" time="0.033"/>
  <system-out><![CDATA[]]></system-out>
  <system-err><![CDATA[]]></system-err>
</testsuite>
