<?xml version="1.0" encoding="UTF-8"?>
<testsuite name="edu.jsu.mcis.DatabaseTest" tests="9" skipped="0" failures="0" errors="0" timestamp="2017-03-13T19:12:09" hostname="Encrypted" time="12.388">
  <properties/>
  <testcase name="testInvalidKeyThrowsStudentException" classname="edu.jsu.mcis.DatabaseTest" time="1.544"/>
  <testcase name="testInvalidKeyThrowsCourseException" classname="edu.jsu.mcis.DatabaseTest" time="1.332"/>
  <testcase name="testStudents" classname="edu.jsu.mcis.DatabaseTest" time="1.413"/>
  <testcase name="testGetStudentStrings" classname="edu.jsu.mcis.DatabaseTest" time="1.28"/>
  <testcase name="testAddCourseInfo1" classname="edu.jsu.mcis.DatabaseTest" time="1.32"/>
  <testcase name="testAddCourseInfo2" classname="edu.jsu.mcis.DatabaseTest" time="1.392"/>
  <testcase name="testCourses" classname="edu.jsu.mcis.DatabaseTest" time="1.395"/>
  <testcase name="testOnlineDatabase" classname="edu.jsu.mcis.DatabaseTest" time="1.353"/>
  <testcase name="testGetCourseStrings" classname="edu.jsu.mcis.DatabaseTest" time="1.356"/>
  <system-out><![CDATA[]]></system-out>
  <system-err><![CDATA[]]></system-err>
</testsuite>
