<?xml version="1.0" encoding="UTF-8"?>
<testsuite name="edu.jsu.mcis.DatabaseTest" tests="4" skipped="0" failures="0" errors="0" timestamp="2017-02-22T14:39:02" hostname="Encrypted" time="0.047">
  <properties/>
  <testcase name="testInvalidKeyThrowsStudentException" classname="edu.jsu.mcis.DatabaseTest" time="0.016"/>
  <testcase name="testInvalidKeyThrowsCourseException" classname="edu.jsu.mcis.DatabaseTest" time="0.016"/>
  <testcase name="testStudents" classname="edu.jsu.mcis.DatabaseTest" time="0.0"/>
  <testcase name="testCourses" classname="edu.jsu.mcis.DatabaseTest" time="0.015"/>
  <system-out><![CDATA[]]></system-out>
  <system-err><![CDATA[]]></system-err>
</testsuite>
