<?xml version="1.0" encoding="UTF-8"?>
<testsuite name="edu.jsu.mcis.MainTest" tests="7" skipped="0" failures="0" errors="0" timestamp="2017-03-13T19:12:23" hostname="Encrypted" time="4.494">
  <properties/>
  <testcase name="testInvalidStudentArgsThrowsStudentException" classname="edu.jsu.mcis.MainTest" time="0.021"/>
  <testcase name="testInvalidCourseArgsThrowsCourseException" classname="edu.jsu.mcis.MainTest" time="0.007"/>
  <testcase name="testWindowOpensOnRuntime" classname="edu.jsu.mcis.MainTest" time="4.385"/>
  <testcase name="testCorrectStudentArgsYieldCorrectOutput" classname="edu.jsu.mcis.MainTest" time="0.015"/>
  <testcase name="testCorrectCourseArgsYieldCorrectOutput" classname="edu.jsu.mcis.MainTest" time="0.044"/>
  <testcase name="testCorrectSingleArgYieldsCorrectOutput1" classname="edu.jsu.mcis.MainTest" time="0.011"/>
  <testcase name="testCorrectSingleArgYieldsCorrectOutput2" classname="edu.jsu.mcis.MainTest" time="0.007"/>
  <system-out><![CDATA[]]></system-out>
  <system-err><![CDATA[]]></system-err>
</testsuite>
