<?xml version="1.0" encoding="UTF-8"?>
<testsuite name="edu.jsu.mcis.AssignmentTest" tests="2" skipped="0" failures="0" errors="0" timestamp="2017-02-22T14:39:02" hostname="Encrypted" time="0.016">
  <properties/>
  <testcase name="testAddStudentAndScore" classname="edu.jsu.mcis.AssignmentTest" time="0.0"/>
  <testcase name="testCorrectTopStudentAndScore" classname="edu.jsu.mcis.AssignmentTest" time="0.016"/>
  <system-out><![CDATA[]]></system-out>
  <system-err><![CDATA[]]></system-err>
</testsuite>
