<?xml version="1.0" encoding="UTF-8"?>
<testsuite name="edu.jsu.mcis.CourseExceptionTest" tests="1" skipped="0" failures="0" errors="0" timestamp="2017-02-22T19:04:17" hostname="Encrypted" time="0.001">
  <properties/>
  <testcase name="testCoursetExceptionDoesThrowException" classname="edu.jsu.mcis.CourseExceptionTest" time="0.001"/>
  <system-out><![CDATA[]]></system-out>
  <system-err><![CDATA[]]></system-err>
</testsuite>
