<?xml version="1.0" encoding="UTF-8"?>
<testsuite name="edu.jsu.mcis.TestShell" tests="2" skipped="0" failures="0" errors="0" timestamp="2017-02-15T04:10:20" hostname="Encrypted" time="0.016">
  <properties/>
  <testcase name="testStudentArrayisNotEmpty" classname="edu.jsu.mcis.TestShell" time="0.016"/>
  <testcase name="testCourseArrayisNotEmpty" classname="edu.jsu.mcis.TestShell" time="0.0"/>
  <system-out><![CDATA[]]></system-out>
  <system-err><![CDATA[]]></system-err>
</testsuite>
