<?xml version="1.0" encoding="UTF-8"?>
<testsuite name="edu.jsu.mcis.DatabaseTest" tests="7" skipped="0" failures="0" errors="0" timestamp="2017-03-01T18:58:24" hostname="Encrypted" time="0.205">
  <properties/>
  <testcase name="testInvalidKeyThrowsStudentException" classname="edu.jsu.mcis.DatabaseTest" time="0.03"/>
  <testcase name="testInvalidKeyThrowsCourseException" classname="edu.jsu.mcis.DatabaseTest" time="0.02"/>
  <testcase name="testStudents" classname="edu.jsu.mcis.DatabaseTest" time="0.024"/>
  <testcase name="testAddCourseInfo1" classname="edu.jsu.mcis.DatabaseTest" time="0.031"/>
  <testcase name="testAddCourseInfo2" classname="edu.jsu.mcis.DatabaseTest" time="0.037"/>
  <testcase name="testCourses" classname="edu.jsu.mcis.DatabaseTest" time="0.027"/>
  <testcase name="testGetCourseStrings" classname="edu.jsu.mcis.DatabaseTest" time="0.028"/>
  <system-out><![CDATA[]]></system-out>
  <system-err><![CDATA[]]></system-err>
</testsuite>
