<?xml version="1.0" encoding="UTF-8"?>
<testsuite name="edu.jsu.mcis.StudentTest" tests="3" skipped="0" failures="0" errors="0" timestamp="2017-02-24T17:12:36" hostname="LogansLaptop" time="0.0">
  <properties/>
  <testcase name="testToString" classname="edu.jsu.mcis.StudentTest" time="0.0"/>
  <testcase name="testStudentIsInitalizedProperly" classname="edu.jsu.mcis.StudentTest" time="0.0"/>
  <testcase name="testStudentIsInitializedProperly2" classname="edu.jsu.mcis.StudentTest" time="0.0"/>
  <system-out><![CDATA[]]></system-out>
  <system-err><![CDATA[]]></system-err>
</testsuite>
