<?xml version="1.0" encoding="UTF-8"?>
<testsuite name="edu.jsu.mcis.AssignmentTest" tests="3" skipped="0" failures="0" errors="0" timestamp="2017-03-13T17:42:26" hostname="Allie" time="0.039">
  <properties/>
  <testcase name="testAssignmentInitializedProperly" classname="edu.jsu.mcis.AssignmentTest" time="0.009"/>
  <testcase name="testAddStudentAndScore" classname="edu.jsu.mcis.AssignmentTest" time="0.001"/>
  <testcase name="testCorrectTopStudentAndScore" classname="edu.jsu.mcis.AssignmentTest" time="0.011"/>
  <system-out><![CDATA[]]></system-out>
  <system-err><![CDATA[]]></system-err>
</testsuite>
