<?xml version="1.0" encoding="UTF-8"?>
<testsuite name="edu.jsu.mcis.StudentExceptionTest" tests="1" skipped="0" failures="0" errors="0" timestamp="2017-03-06T17:27:00" hostname="Allie" time="0.001">
  <properties/>
  <testcase name="testStudentExceptionDoesThrowException" classname="edu.jsu.mcis.StudentExceptionTest" time="0.001"/>
  <system-out><![CDATA[]]></system-out>
  <system-err><![CDATA[]]></system-err>
</testsuite>
