<?xml version="1.0" encoding="UTF-8"?>
<testsuite name="edu.jsu.mcis.TestShell" tests="2" skipped="0" failures="0" errors="0" timestamp="2017-02-15T03:31:09" hostname="Encrypted" time="0.125">
  <properties/>
  <testcase name="testStudentArrayisNotEmpty" classname="edu.jsu.mcis.TestShell" time="0.062"/>
  <testcase name="testCourseArrayisNotEmpty" classname="edu.jsu.mcis.TestShell" time="0.047"/>
  <system-out><![CDATA[1111	"Jerrod"	"Shields"	"jshields"
1111	"Luke"	"Gillespie"	"lgillespie"
1111	"Emerson"	"Scott"	"escott"
1111	"Alma"	"Kidd"	"akidd"
1111	"Enid"	"Keith"	"ekeith"
1111	"Scottie"	"Adams"	"sadams"
1111	"Ursula"	"Peters"	"upeters"
1111	"Elva"	"Cobb"	"ecobb"
1111	"Roseann"	"Townsend"	"rtownsend"
1111	"Jacob"	"Ferrell"	"jferrell"
1111	"Antwan"	"Bird"	"abird"
1111	"Vance"	"McClain"	"vmcclain"
1111	"Cherry"	"Hayden"	"chayden"
1111	"Sue"	"Wilkins"	"swilkins"
1111	"Theodore"	"Campbell"	"tcampbell"
1111	"Colette"	"Huber"	"chuber"
1111	"Mickey"	"Guerra"	"mguerra"
1111	"Maritza"	"Abbott"	"mabbott"
1111	"Ava"	"Watson"	"awatson"
1111	"Ben"	"Brady"	"bbrady"
1111	"Kenny"	"Morales"	"kmorales"
1111	"Jarrod"	"Holman"	"jholman"
1111	"Rory"	"Smith"	"rsmith"
1111	"Iva"	"Fox"	"ifox"
1111	"Earnestine"	"Ayala"	"eayala"
1111	"Rodrick"	"Sims"	"rsims"
1111	"Vicky"	"Dejesus"	"vdejesus"
1111	"Glenn"	"Bean"	"gbean"
1111	"Jessie"	"Hernandez"	"jhernandez"
1111	"Efrain"	"Bowers"	"ebowers"
1111	"Forest"	"Rasmussen"	"frasmussen"
1111	"Grant"	"Stevenson"	"gstevenson"
1111	"Mario"	"Larsen"	"mlarsen"
1111	"Ricky"	"Bartlett"	"rbartlett"
1111	"Mildred"	"Petty"	"mpetty"
1111	"Merlin"	"Gilliam"	"mgilliam"
1111	"Juliet"	"Rutledge"	"jrutledge"
1111	"Glen"	"Goodman"	"ggoodman"
1111	"Bryan"	"Ortega"	"bortega"
1111	"Danielle"	"Woodward"	"dwoodward"
1111	"Leonel"	"Myers"	"lmyers"
1111	"Tracy"	"Franklin"	"tfranklin"
1111	"Quentin"	"Harrison"	"qharrison"
1111	"Brendan"	"Salas"	"bsalas"
1111	"Lavern"	"Nieves"	"lnieves"
1111	"Danny"	"Brooks"	"dbrooks"
1111	"Andy"	"Joyner"	"ajoyner"
1111	"Aaron"	"McConnell"	"amcconnell"
1111	"Norris"	"Fry"	"nfry"
1111	"August"	"Contreras"	"acontreras"
1111	"Rubin"	"Goodman"	"rgoodman"
1111	"Lance"	"Glenn"	"lglenn"
1111	"Dirk"	"Kelley"	"dkelley"
1111	"Angel"	"Cantrell"	"acantrell"
1111	"Robert"	"Buckner"	"rbuckner"
1111	"Clinton"	"Lester"	"clester"
1111	"Jorge"	"Herrera"	"jherrera"
1111	"Richard"	"Livingston"	"rlivingston"
1111	"Otis"	"Pate"	"opate"
1111	"Carmine"	"Good"	"cgood"
1111	"Ernest"	"Beck"	"ebeck"
1111	"Tameka"	"Kemp"	"tkemp"
1111	"Eldon"	"Gibbs"	"egibbs"
1111	"Lionel"	"Dale"	"ldale"
1111	"Deirdre"	"Burns"	"dburns"
1111	"Darnell"	"Pacheco"	"dpacheco"
1111	"Blake"	"Newton"	"bnewton"
1111	"Elton"	"Wells"	"ewells"
1111	"Staci"	"Bryan"	"sbryan"
1111	"Lynnette"	"Sampson"	"lsampson"
1111	"Dorian"	"Chang"	"dchang"
1111	"Jayne"	"Kerr"	"jkerr"
1111	"Jeanine"	"Harrell"	"jharrell"
1111	"Angel"	"Salas"	"asalas"
1111	"Maynard"	"Aguirre"	"maguirre"
1111	"Angelina"	"Fitzpatrick"	"afitzpatrick"
1111	"Darin"	"Hines"	"dhines"
1111	"Adan"	"Murray"	"amurray"
1111	"Katherine"	"Evans"	"kevans"
1111	"Theodore"	"Oliver"	"toliver"
1111	"Isaiah"	"Dotson"	"idotson"
1111	"Cyrus"	"Booker"	"cbooker"
1111	"Lou"	"Small"	"lsmall"
1111	"Earnest"	"Dodson"	"edodson"
1111	"Selena"	"Phelps"	"sphelps"
1111	"Reginald"	"Franco"	"rfranco"
1111	"Mona"	"Cotton"	"mcotton"
1111	"Sergio"	"Tucker"	"stucker"
1111	"Brock"	"Merrill"	"bmerrill"
1112	"Concetta"	"Skinner"	"cskinner"
1112	"Lincoln"	"Jarvis"	"ljarvis"
1112	"Michael"	"Simpson"	"msimpson"
1112	"Jessie"	"Meyer"	"jmeyer"
1112	"Dorothea"	"Lloyd"	"dlloyd"
1112	"Millard"	"Puckett"	"mpuckett"
1112	"Leslie"	"Meyers"	"lmeyers"
1112	"Marilyn"	"Shields"	"mshields"
1112	"Clarissa"	"Nelson"	"cnelson"
1112	"Georgia"	"Guzman"	"gguzman"
1112	"Emory"	"Pittman"	"epittman"
1112	"Glenn"	"Gamble"	"ggamble"
1112	"Clay"	"David"	"cdavid"
1112	"Terrance"	"Mayo"	"tmayo"
1112	"Edmund"	"Tillman"	"etillman"
1112	"Norris"	"Burnett"	"nburnett"
1112	"Arnulfo"	"Travis"	"atravis"
1112	"Erna"	"Bean"	"ebean"
1112	"Rolando"	"Schroeder"	"rschroeder"
1112	"Ilene"	"Moore"	"imoore"
1112	"Ivory"	"Simon"	"isimon"
1112	"Tyrone"	"Frank"	"tfrank"
1112	"Coleen"	"Larsen"	"clarsen"
1112	"Gregorio"	"Wolf"	"gwolf"
1112	"Susie"	"Franco"	"sfranco"
1112	"Brendan"	"Whitaker"	"bwhitaker"
1112	"Jimmie"	"Brown"	"jbrown"
1112	"Felix"	"Ayers"	"fayers"
1112	"Winnie"	"Roberson"	"wroberson"
1112	"Morris"	"Cobb"	"mcobb"
1112	"Lester"	"Coffey"	"lcoffey"
1112	"Bernice"	"Cherry"	"bcherry"
1112	"Isidro"	"Thomas"	"ithomas"
1112	"Nikki"	"Cherry"	"ncherry"
1112	"Steven"	"Witt"	"switt"
1112	"Angeline"	"Sharpe"	"asharpe"
1112	"Kelvin"	"Castillo"	"kcastillo"
1112	"Annmarie"	"Owen"	"aowen"
1112	"Doug"	"York"	"dyork"
1112	"Kellie"	"Welch"	"kwelch"
1112	"Lester"	"Fernandez"	"lfernandez"
1112	"Arnold"	"Moore"	"amoore"
1112	"Marissa"	"Combs"	"mcombs"
1112	"Devin"	"Tran"	"dtran"
1112	"Reinaldo"	"Nelson"	"rnelson"
1112	"Jackie"	"Carlson"	"jcarlson"
1112	"Elvin"	"Valenzuela"	"evalenzuela"
1112	"Alexandria"	"Dickson"	"adickson"
1112	"Claire"	"Carpenter"	"ccarpenter"
1112	"Della"	"Osborne"	"dosborne"
1112	"Tom"	"Pittman"	"tpittman"
1112	"Sybil"	"Rios"	"srios"
1112	"Dusty"	"Holmes"	"dholmes"
1112	"Josue"	"Peters"	"jpeters"
1112	"Mavis"	"Fry"	"mfry"
1112	"Rudy"	"Powell"	"rpowell"
1112	"Tina"	"Matthews"	"tmatthews"
1112	"Rhoda"	"Hurley"	"rhurley"
1112	"Derek"	"Fields"	"dfields"
1112	"Wesley"	"O'Neil"	"woneil"
1112	"Darren"	"Parks"	"dparks"
1112	"John"	"Vance"	"jvance"
1112	"Lea"	"Shaffer"	"lshaffer"
1112	"Mason"	"Baker"	"mbaker"
1112	"Chad"	"Benjamin"	"cbenjamin"
1112	"Caleb"	"Bolton"	"cbolton"
1112	"Marissa"	"Dejesus"	"mdejesus"
1112	"Ruby"	"Carey"	"rcarey"
1112	"Vicky"	"Landry"	"vlandry"
1112	"Manuel"	"Lawson"	"mlawson"
1112	"Olivia"	"Roberts"	"oroberts"
1112	"Dena"	"Bennett"	"dbennett"
1112	"Bennie"	"Cantu"	"bcantu"
1112	"Stephan"	"Chapman"	"schapman"
1112	"Leland"	"Howell"	"lhowell"
1112	"Elvira"	"Freeman"	"efreeman"
1112	"Laverne"	"Chavez"	"lchavez"
1112	"Alan"	"Burt"	"aburt"
1112	"Johanna"	"Fry"	"jfry"
1112	"Tyler"	"Combs"	"tcombs"
1112	"Melisa"	"Whitaker"	"mwhitaker"
1112	"Robert"	"Soto"	"rsoto"
1112	"Carson"	"Moody"	"cmoody"
1112	"Loretta"	"Francis"	"lfrancis"
1112	"Quinton"	"Porter"	"qporter"
1112	"Irma"	"Glover"	"iglover"
1112	"Ericka"	"Schneider"	"eschneider"
1112	"Alvaro"	"Copeland"	"acopeland"
1112	"Coy"	"Ochoa"	"cochoa"
1112	"Courtney"	"Cortez"	"ccortez"
1112	"Lori"	"Farmer"	"lfarmer"
1112	"Marlin"	"Jones"	"mjones"
1112	"Amparo"	"Benjamin"	"abenjamin"
1112	"Christopher"	"Garza"	"cgarza"
1112	"Katina"	"Christensen"	"kchristensen"
1112	"Dorian"	"Burton"	"dburton"
1112	"Rory"	"Bryan"	"rbryan"
1112	"Rhea"	"Kaufman"	"rkaufman"
1112	"Darwin"	"Lindsey"	"dlindsey"
1112	"Sergio"	"McLean"	"smclean"
1113	"Billie"	"Davenport"	"bdavenport"
1113	"Casey"	"Waters"	"cwaters"
1113	"Lorie"	"Russo"	"lrusso"
1113	"Sean"	"Wolf"	"swolf"
1113	"Lauri"	"Preston"	"lpreston"
1113	"Taylor"	"Ortiz"	"tortiz"
1113	"Caleb"	"Guy"	"cguy"
1113	"Rosanne"	"Mathews"	"rmathews"
1113	"Karina"	"Strickland"	"kstrickland"
1113	"Kirsten"	"Winters"	"kwinters"
1113	"Diego"	"Christensen"	"dchristensen"
1113	"Kris"	"Mills"	"kmills"
1113	"Williams"	"Murphy"	"wmurphy"
1113	"Lori"	"Chang"	"lchang"
1113	"Lucy"	"Sykes"	"lsykes"
1113	"Mia"	"Dawson"	"mdawson"
1113	"Berta"	"Hale"	"bhale"
1113	"Meagan"	"Hart"	"mhart"
1113	"Cathleen"	"Guzman"	"cguzman"
1113	"Bernardo"	"Stevenson"	"bstevenson"
1113	"Jasper"	"Hernandez"	"jhernandez1"
1113	"James"	"Fuentes"	"jfuentes"
1113	"Clare"	"Heath"	"cheath"
1113	"Minnie"	"Jackson"	"mjackson"
1113	"Nathaniel"	"Ward"	"nward"
1113	"Derek"	"Bowen"	"dbowen"
1113	"Melvin"	"Vazquez"	"mvazquez"
1113	"Neal"	"Johns"	"njohns"
1113	"Randy"	"Stephenson"	"rstephenson"
1113	"Molly"	"Delaney"	"mdelaney"
1113	"Winston"	"Glenn"	"wglenn"
1113	"Lynne"	"Cobb"	"lcobb"
1113	"Jarrett"	"Mayer"	"jmayer"
1113	"Vincent"	"Joseph"	"vjoseph"
1113	"Cleveland"	"Guerrero"	"cguerrero"
1113	"Ira"	"Richardson"	"irichardson"
1113	"Lorrie"	"Ellison"	"lellison"
1113	"Elias"	"Talley"	"etalley"
1113	"Clement"	"Le"	"cle"
1113	"Keisha"	"Stone"	"kstone"
1113	"Moises"	"Potts"	"mpotts"
1113	"Chris"	"Blanchard"	"cblanchard"
1113	"Pearlie"	"Hancock"	"phancock"
1113	"Randy"	"Kim"	"rkim"
1113	"Tammie"	"Ewing"	"tewing"
1113	"Alisa"	"Shaw"	"ashaw"
1113	"Bobbie"	"Moore"	"bmoore"
1113	"Colby"	"Barr"	"cbarr"
1113	"Kaye"	"Pierce"	"kpierce"
1113	"Jonas"	"Miranda"	"jmiranda"
1113	"Anton"	"Wood"	"awood"
1113	"Charley"	"Sheppard"	"csheppard"
1113	"Denver"	"Skinner"	"dskinner"
1113	"Gail"	"Carver"	"gcarver"
1113	"Kendrick"	"Lawson"	"klawson"
1113	"Cyril"	"Best"	"cbest"
1113	"Charlie"	"Shepherd"	"cshepherd"
1113	"Jonas"	"Potts"	"jpotts"
1113	"Ray"	"Armstrong"	"rarmstrong"
1113	"Cyrus"	"Mays"	"cmays"
1113	"Alonzo"	"Schmidt"	"aschmidt"
1113	"Jacklyn"	"Simpson"	"jsimpson"
1113	"Jess"	"Rowe"	"jrowe"
1113	"Tamika"	"Hinton"	"thinton"
1113	"Ronnie"	"William"	"rwilliam"
1113	"Brendan"	"Gamble"	"bgamble"
1113	"Willie"	"Lloyd"	"wlloyd"
1113	"Misty"	"Marquez"	"mmarquez"
1113	"Emery"	"Roth"	"eroth"
1113	"Booker"	"Maynard"	"bmaynard"
1113	"Eloy"	"Wise"	"ewise"
1113	"Dwight"	"Schneider"	"dschneider"
1113	"Kurt"	"Mullins"	"kmullins"
1113	"Demetrius"	"Winters"	"dwinters"
1113	"Rosella"	"Fitzpatrick"	"rfitzpatrick"
1113	"Denny"	"Keith"	"dkeith"
1113	"Nell"	"Burt"	"nburt"
1113	"Brady"	"Doyle"	"bdoyle"
1113	"Roberto"	"Thompson"	"rthompson"
1113	"Lauren"	"O'Brien"	"lobrien"
1113	"Sarah"	"Contreras"	"scontreras"
1113	"Rex"	"Gilliam"	"rgilliam"
1113	"Mauricio"	"Harrington"	"mharrington"
1113	"Abby"	"Berry"	"aberry"
1113	"Sammie"	"Blanchard"	"sblanchard"
1113	"Vera"	"Shepherd"	"vshepherd"
1113	"Jesus"	"Wolfe"	"jwolfe"
1113	"Damon"	"Shaffer"	"dshaffer"
1113	"Nicolas"	"Miles"	"nmiles"
1113	"Donny"	"Odom"	"dodom"
1113	"Parker"	"Davenport"	"pdavenport"
1113	"Aurora"	"Foreman"	"aforeman"
1113	"Silvia"	"Ewing"	"sewing"
1113	"Ricky"	"Lang"	"rlang"
1113	"Nigel"	"Fields"	"nfields"
1113	"Bridgett"	"Grimes"	"bgrimes"
1113	"Sylvester"	"McLeod"	"smcleod"
1113	"Kurtis"	"Hyde"	"khyde"
1113	"Clyde"	"Duffy"	"cduffy"
1113	"Dewey"	"Roberts"	"droberts"
1114	"Rosalyn"	"Dotson"	"rdotson"
1114	"Frank"	"Castillo"	"fcastillo"
1114	"Scotty"	"Horne"	"shorne"
1114	"Jeffrey"	"Drake"	"jdrake"
1114	"Ross"	"Bauer"	"rbauer"
1114	"Augustine"	"Osborne"	"aosborne"
1114	"Glenna"	"Walter"	"gwalter"
1114	"Ed"	"Terrell"	"eterrell"
1114	"Guadalupe"	"Alford"	"galford"
1114	"Bret"	"Marsh"	"bmarsh"
1114	"Rory"	"Dominguez"	"rdominguez"
1111	"Jerrod"	"Shields"	"jshields"
1111	"Luke"	"Gillespie"	"lgillespie"
1111	"Emerson"	"Scott"	"escott"
1111	"Alma"	"Kidd"	"akidd"
1111	"Enid"	"Keith"	"ekeith"
1111	"Scottie"	"Adams"	"sadams"
1111	"Ursula"	"Peters"	"upeters"
1111	"Elva"	"Cobb"	"ecobb"
1111	"Roseann"	"Townsend"	"rtownsend"
1111	"Jacob"	"Ferrell"	"jferrell"
1111	"Antwan"	"Bird"	"abird"
1111	"Vance"	"McClain"	"vmcclain"
1111	"Cherry"	"Hayden"	"chayden"
1111	"Sue"	"Wilkins"	"swilkins"
1111	"Theodore"	"Campbell"	"tcampbell"
1111	"Colette"	"Huber"	"chuber"
1111	"Mickey"	"Guerra"	"mguerra"
1111	"Maritza"	"Abbott"	"mabbott"
1111	"Ava"	"Watson"	"awatson"
1111	"Ben"	"Brady"	"bbrady"
1111	"Kenny"	"Morales"	"kmorales"
1111	"Jarrod"	"Holman"	"jholman"
1111	"Rory"	"Smith"	"rsmith"
1111	"Iva"	"Fox"	"ifox"
1111	"Earnestine"	"Ayala"	"eayala"
1111	"Rodrick"	"Sims"	"rsims"
1111	"Vicky"	"Dejesus"	"vdejesus"
1111	"Glenn"	"Bean"	"gbean"
1111	"Jessie"	"Hernandez"	"jhernandez"
1111	"Efrain"	"Bowers"	"ebowers"
1111	"Forest"	"Rasmussen"	"frasmussen"
1111	"Grant"	"Stevenson"	"gstevenson"
1111	"Mario"	"Larsen"	"mlarsen"
1111	"Ricky"	"Bartlett"	"rbartlett"
1111	"Mildred"	"Petty"	"mpetty"
1111	"Merlin"	"Gilliam"	"mgilliam"
1111	"Juliet"	"Rutledge"	"jrutledge"
1111	"Glen"	"Goodman"	"ggoodman"
1111	"Bryan"	"Ortega"	"bortega"
1111	"Danielle"	"Woodward"	"dwoodward"
1111	"Leonel"	"Myers"	"lmyers"
1111	"Tracy"	"Franklin"	"tfranklin"
1111	"Quentin"	"Harrison"	"qharrison"
1111	"Brendan"	"Salas"	"bsalas"
1111	"Lavern"	"Nieves"	"lnieves"
1111	"Danny"	"Brooks"	"dbrooks"
1111	"Andy"	"Joyner"	"ajoyner"
1111	"Aaron"	"McConnell"	"amcconnell"
1111	"Norris"	"Fry"	"nfry"
1111	"August"	"Contreras"	"acontreras"
1111	"Rubin"	"Goodman"	"rgoodman"
1111	"Lance"	"Glenn"	"lglenn"
1111	"Dirk"	"Kelley"	"dkelley"
1111	"Angel"	"Cantrell"	"acantrell"
1111	"Robert"	"Buckner"	"rbuckner"
1111	"Clinton"	"Lester"	"clester"
1111	"Jorge"	"Herrera"	"jherrera"
1111	"Richard"	"Livingston"	"rlivingston"
1111	"Otis"	"Pate"	"opate"
1111	"Carmine"	"Good"	"cgood"
1111	"Ernest"	"Beck"	"ebeck"
1111	"Tameka"	"Kemp"	"tkemp"
1111	"Eldon"	"Gibbs"	"egibbs"
1111	"Lionel"	"Dale"	"ldale"
1111	"Deirdre"	"Burns"	"dburns"
1111	"Darnell"	"Pacheco"	"dpacheco"
1111	"Blake"	"Newton"	"bnewton"
1111	"Elton"	"Wells"	"ewells"
1111	"Staci"	"Bryan"	"sbryan"
1111	"Lynnette"	"Sampson"	"lsampson"
1111	"Dorian"	"Chang"	"dchang"
1111	"Jayne"	"Kerr"	"jkerr"
1111	"Jeanine"	"Harrell"	"jharrell"
1111	"Angel"	"Salas"	"asalas"
1111	"Maynard"	"Aguirre"	"maguirre"
1111	"Angelina"	"Fitzpatrick"	"afitzpatrick"
1111	"Darin"	"Hines"	"dhines"
1111	"Adan"	"Murray"	"amurray"
1111	"Katherine"	"Evans"	"kevans"
1111	"Theodore"	"Oliver"	"toliver"
1111	"Isaiah"	"Dotson"	"idotson"
1111	"Cyrus"	"Booker"	"cbooker"
1111	"Lou"	"Small"	"lsmall"
1111	"Earnest"	"Dodson"	"edodson"
1111	"Selena"	"Phelps"	"sphelps"
1111	"Reginald"	"Franco"	"rfranco"
1111	"Mona"	"Cotton"	"mcotton"
1111	"Sergio"	"Tucker"	"stucker"
1111	"Brock"	"Merrill"	"bmerrill"
1112	"Concetta"	"Skinner"	"cskinner"
1112	"Lincoln"	"Jarvis"	"ljarvis"
1112	"Michael"	"Simpson"	"msimpson"
1112	"Jessie"	"Meyer"	"jmeyer"
1112	"Dorothea"	"Lloyd"	"dlloyd"
1112	"Millard"	"Puckett"	"mpuckett"
1112	"Leslie"	"Meyers"	"lmeyers"
1112	"Marilyn"	"Shields"	"mshields"
1112	"Clarissa"	"Nelson"	"cnelson"
1112	"Georgia"	"Guzman"	"gguzman"
1112	"Emory"	"Pittman"	"epittman"
1112	"Glenn"	"Gamble"	"ggamble"
1112	"Clay"	"David"	"cdavid"
1112	"Terrance"	"Mayo"	"tmayo"
1112	"Edmund"	"Tillman"	"etillman"
1112	"Norris"	"Burnett"	"nburnett"
1112	"Arnulfo"	"Travis"	"atravis"
1112	"Erna"	"Bean"	"ebean"
1112	"Rolando"	"Schroeder"	"rschroeder"
1112	"Ilene"	"Moore"	"imoore"
1112	"Ivory"	"Simon"	"isimon"
1112	"Tyrone"	"Frank"	"tfrank"
1112	"Coleen"	"Larsen"	"clarsen"
1112	"Gregorio"	"Wolf"	"gwolf"
1112	"Susie"	"Franco"	"sfranco"
1112	"Brendan"	"Whitaker"	"bwhitaker"
1112	"Jimmie"	"Brown"	"jbrown"
1112	"Felix"	"Ayers"	"fayers"
1112	"Winnie"	"Roberson"	"wroberson"
1112	"Morris"	"Cobb"	"mcobb"
1112	"Lester"	"Coffey"	"lcoffey"
1112	"Bernice"	"Cherry"	"bcherry"
1112	"Isidro"	"Thomas"	"ithomas"
1112	"Nikki"	"Cherry"	"ncherry"
1112	"Steven"	"Witt"	"switt"
1112	"Angeline"	"Sharpe"	"asharpe"
1112	"Kelvin"	"Castillo"	"kcastillo"
1112	"Annmarie"	"Owen"	"aowen"
1112	"Doug"	"York"	"dyork"
1112	"Kellie"	"Welch"	"kwelch"
1112	"Lester"	"Fernandez"	"lfernandez"
1112	"Arnold"	"Moore"	"amoore"
1112	"Marissa"	"Combs"	"mcombs"
1112	"Devin"	"Tran"	"dtran"
1112	"Reinaldo"	"Nelson"	"rnelson"
1112	"Jackie"	"Carlson"	"jcarlson"
1112	"Elvin"	"Valenzuela"	"evalenzuela"
1112	"Alexandria"	"Dickson"	"adickson"
1112	"Claire"	"Carpenter"	"ccarpenter"
1112	"Della"	"Osborne"	"dosborne"
1112	"Tom"	"Pittman"	"tpittman"
1112	"Sybil"	"Rios"	"srios"
1112	"Dusty"	"Holmes"	"dholmes"
1112	"Josue"	"Peters"	"jpeters"
1112	"Mavis"	"Fry"	"mfry"
1112	"Rudy"	"Powell"	"rpowell"
1112	"Tina"	"Matthews"	"tmatthews"
1112	"Rhoda"	"Hurley"	"rhurley"
1112	"Derek"	"Fields"	"dfields"
1112	"Wesley"	"O'Neil"	"woneil"
1112	"Darren"	"Parks"	"dparks"
1112	"John"	"Vance"	"jvance"
1112	"Lea"	"Shaffer"	"lshaffer"
1112	"Mason"	"Baker"	"mbaker"
1112	"Chad"	"Benjamin"	"cbenjamin"
1112	"Caleb"	"Bolton"	"cbolton"
1112	"Marissa"	"Dejesus"	"mdejesus"
1112	"Ruby"	"Carey"	"rcarey"
1112	"Vicky"	"Landry"	"vlandry"
1112	"Manuel"	"Lawson"	"mlawson"
1112	"Olivia"	"Roberts"	"oroberts"
1112	"Dena"	"Bennett"	"dbennett"
1112	"Bennie"	"Cantu"	"bcantu"
1112	"Stephan"	"Chapman"	"schapman"
1112	"Leland"	"Howell"	"lhowell"
1112	"Elvira"	"Freeman"	"efreeman"
1112	"Laverne"	"Chavez"	"lchavez"
1112	"Alan"	"Burt"	"aburt"
1112	"Johanna"	"Fry"	"jfry"
1112	"Tyler"	"Combs"	"tcombs"
1112	"Melisa"	"Whitaker"	"mwhitaker"
1112	"Robert"	"Soto"	"rsoto"
1112	"Carson"	"Moody"	"cmoody"
1112	"Loretta"	"Francis"	"lfrancis"
1112	"Quinton"	"Porter"	"qporter"
1112	"Irma"	"Glover"	"iglover"
1112	"Ericka"	"Schneider"	"eschneider"
1112	"Alvaro"	"Copeland"	"acopeland"
1112	"Coy"	"Ochoa"	"cochoa"
1112	"Courtney"	"Cortez"	"ccortez"
1112	"Lori"	"Farmer"	"lfarmer"
1112	"Marlin"	"Jones"	"mjones"
1112	"Amparo"	"Benjamin"	"abenjamin"
1112	"Christopher"	"Garza"	"cgarza"
1112	"Katina"	"Christensen"	"kchristensen"
1112	"Dorian"	"Burton"	"dburton"
1112	"Rory"	"Bryan"	"rbryan"
1112	"Rhea"	"Kaufman"	"rkaufman"
1112	"Darwin"	"Lindsey"	"dlindsey"
1112	"Sergio"	"McLean"	"smclean"
1113	"Billie"	"Davenport"	"bdavenport"
1113	"Casey"	"Waters"	"cwaters"
1113	"Lorie"	"Russo"	"lrusso"
1113	"Sean"	"Wolf"	"swolf"
1113	"Lauri"	"Preston"	"lpreston"
1113	"Taylor"	"Ortiz"	"tortiz"
1113	"Caleb"	"Guy"	"cguy"
1113	"Rosanne"	"Mathews"	"rmathews"
1113	"Karina"	"Strickland"	"kstrickland"
1113	"Kirsten"	"Winters"	"kwinters"
1113	"Diego"	"Christensen"	"dchristensen"
1113	"Kris"	"Mills"	"kmills"
1113	"Williams"	"Murphy"	"wmurphy"
1113	"Lori"	"Chang"	"lchang"
1113	"Lucy"	"Sykes"	"lsykes"
1113	"Mia"	"Dawson"	"mdawson"
1113	"Berta"	"Hale"	"bhale"
1113	"Meagan"	"Hart"	"mhart"
1113	"Cathleen"	"Guzman"	"cguzman"
1113	"Bernardo"	"Stevenson"	"bstevenson"
1113	"Jasper"	"Hernandez"	"jhernandez1"
1113	"James"	"Fuentes"	"jfuentes"
1113	"Clare"	"Heath"	"cheath"
1113	"Minnie"	"Jackson"	"mjackson"
1113	"Nathaniel"	"Ward"	"nward"
1113	"Derek"	"Bowen"	"dbowen"
1113	"Melvin"	"Vazquez"	"mvazquez"
1113	"Neal"	"Johns"	"njohns"
1113	"Randy"	"Stephenson"	"rstephenson"
1113	"Molly"	"Delaney"	"mdelaney"
1113	"Winston"	"Glenn"	"wglenn"
1113	"Lynne"	"Cobb"	"lcobb"
1113	"Jarrett"	"Mayer"	"jmayer"
1113	"Vincent"	"Joseph"	"vjoseph"
1113	"Cleveland"	"Guerrero"	"cguerrero"
1113	"Ira"	"Richardson"	"irichardson"
1113	"Lorrie"	"Ellison"	"lellison"
1113	"Elias"	"Talley"	"etalley"
1113	"Clement"	"Le"	"cle"
1113	"Keisha"	"Stone"	"kstone"
1113	"Moises"	"Potts"	"mpotts"
1113	"Chris"	"Blanchard"	"cblanchard"
1113	"Pearlie"	"Hancock"	"phancock"
1113	"Randy"	"Kim"	"rkim"
1113	"Tammie"	"Ewing"	"tewing"
1113	"Alisa"	"Shaw"	"ashaw"
1113	"Bobbie"	"Moore"	"bmoore"
1113	"Colby"	"Barr"	"cbarr"
1113	"Kaye"	"Pierce"	"kpierce"
1113	"Jonas"	"Miranda"	"jmiranda"
1113	"Anton"	"Wood"	"awood"
1113	"Charley"	"Sheppard"	"csheppard"
1113	"Denver"	"Skinner"	"dskinner"
1113	"Gail"	"Carver"	"gcarver"
1113	"Kendrick"	"Lawson"	"klawson"
1113	"Cyril"	"Best"	"cbest"
1113	"Charlie"	"Shepherd"	"cshepherd"
1113	"Jonas"	"Potts"	"jpotts"
1113	"Ray"	"Armstrong"	"rarmstrong"
1113	"Cyrus"	"Mays"	"cmays"
1113	"Alonzo"	"Schmidt"	"aschmidt"
1113	"Jacklyn"	"Simpson"	"jsimpson"
1113	"Jess"	"Rowe"	"jrowe"
1113	"Tamika"	"Hinton"	"thinton"
1113	"Ronnie"	"William"	"rwilliam"
1113	"Brendan"	"Gamble"	"bgamble"
1113	"Willie"	"Lloyd"	"wlloyd"
1113	"Misty"	"Marquez"	"mmarquez"
1113	"Emery"	"Roth"	"eroth"
1113	"Booker"	"Maynard"	"bmaynard"
1113	"Eloy"	"Wise"	"ewise"
1113	"Dwight"	"Schneider"	"dschneider"
1113	"Kurt"	"Mullins"	"kmullins"
1113	"Demetrius"	"Winters"	"dwinters"
1113	"Rosella"	"Fitzpatrick"	"rfitzpatrick"
1113	"Denny"	"Keith"	"dkeith"
1113	"Nell"	"Burt"	"nburt"
1113	"Brady"	"Doyle"	"bdoyle"
1113	"Roberto"	"Thompson"	"rthompson"
1113	"Lauren"	"O'Brien"	"lobrien"
1113	"Sarah"	"Contreras"	"scontreras"
1113	"Rex"	"Gilliam"	"rgilliam"
1113	"Mauricio"	"Harrington"	"mharrington"
1113	"Abby"	"Berry"	"aberry"
1113	"Sammie"	"Blanchard"	"sblanchard"
1113	"Vera"	"Shepherd"	"vshepherd"
1113	"Jesus"	"Wolfe"	"jwolfe"
1113	"Damon"	"Shaffer"	"dshaffer"
1113	"Nicolas"	"Miles"	"nmiles"
1113	"Donny"	"Odom"	"dodom"
1113	"Parker"	"Davenport"	"pdavenport"
1113	"Aurora"	"Foreman"	"aforeman"
1113	"Silvia"	"Ewing"	"sewing"
1113	"Ricky"	"Lang"	"rlang"
1113	"Nigel"	"Fields"	"nfields"
1113	"Bridgett"	"Grimes"	"bgrimes"
1113	"Sylvester"	"McLeod"	"smcleod"
1113	"Kurtis"	"Hyde"	"khyde"
1113	"Clyde"	"Duffy"	"cduffy"
1113	"Dewey"	"Roberts"	"droberts"
1114	"Rosalyn"	"Dotson"	"rdotson"
1114	"Frank"	"Castillo"	"fcastillo"
1114	"Scotty"	"Horne"	"shorne"
1114	"Jeffrey"	"Drake"	"jdrake"
1114	"Ross"	"Bauer"	"rbauer"
1114	"Augustine"	"Osborne"	"aosborne"
1114	"Glenna"	"Walter"	"gwalter"
1114	"Ed"	"Terrell"	"eterrell"
1114	"Guadalupe"	"Alford"	"galford"
1114	"Bret"	"Marsh"	"bmarsh"
1114	"Rory"	"Dominguez"	"rdominguez"
]]></system-out>
  <system-err><![CDATA[]]></system-err>
</testsuite>
