<?xml version="1.0" encoding="UTF-8"?>
<testsuite name="edu.jsu.mcis.MainTest" tests="7" skipped="0" failures="0" errors="0" timestamp="2017-03-06T17:26:59" hostname="Allie" time="0.579">
  <properties/>
  <testcase name="testInvalidStudentArgsThrowsStudentException" classname="edu.jsu.mcis.MainTest" time="0.158"/>
  <testcase name="testInvalidCourseArgsThrowsCourseException" classname="edu.jsu.mcis.MainTest" time="0.089"/>
  <testcase name="testIncorrectSingleArgDoesNothing" classname="edu.jsu.mcis.MainTest" time="0.096"/>
  <testcase name="testCorrectStudentArgsYieldCorrectOutput" classname="edu.jsu.mcis.MainTest" time="0.097"/>
  <testcase name="testCorrectCourseArgsYieldCorrectOutput" classname="edu.jsu.mcis.MainTest" time="0.068"/>
  <testcase name="testCorrectSingleArgYieldsCorrectOutput1" classname="edu.jsu.mcis.MainTest" time="0.027"/>
  <testcase name="testCorrectSingleArgYieldsCorrectOutput2" classname="edu.jsu.mcis.MainTest" time="0.037"/>
  <system-out><![CDATA[]]></system-out>
  <system-err><![CDATA[]]></system-err>
</testsuite>
