<?xml version="1.0" encoding="UTF-8"?>
<testsuite name="edu.jsu.mcis.StudentTest" tests="3" skipped="0" failures="0" errors="0" timestamp="2017-03-01T18:58:25" hostname="Encrypted" time="0.003">
  <properties/>
  <testcase name="testToString" classname="edu.jsu.mcis.StudentTest" time="0.001"/>
  <testcase name="testStudentIsInitalizedProperly" classname="edu.jsu.mcis.StudentTest" time="0.0"/>
  <testcase name="testStudentIsInitializedProperly2" classname="edu.jsu.mcis.StudentTest" time="0.0"/>
  <system-out><![CDATA[]]></system-out>
  <system-err><![CDATA[]]></system-err>
</testsuite>
