<?xml version="1.0" encoding="UTF-8"?>
<testsuite name="edu.jsu.mcis.AssignmentTest" tests="3" skipped="0" failures="0" errors="0" timestamp="2017-03-06T17:26:59" hostname="Allie" time="0.016">
  <properties/>
  <testcase name="testAssignmentInitializedProperly" classname="edu.jsu.mcis.AssignmentTest" time="0.007"/>
  <testcase name="testAddStudentAndScore" classname="edu.jsu.mcis.AssignmentTest" time="0.001"/>
  <testcase name="testCorrectTopStudentAndScore" classname="edu.jsu.mcis.AssignmentTest" time="0.003"/>
  <system-out><![CDATA[]]></system-out>
  <system-err><![CDATA[]]></system-err>
</testsuite>
