<?xml version="1.0" encoding="UTF-8"?>
<testsuite name="edu.jsu.mcis.DatabaseTest" tests="9" skipped="0" failures="0" errors="0" timestamp="2017-03-13T17:42:26" hostname="Allie" time="14.442">
  <properties/>
  <testcase name="testInvalidKeyThrowsStudentException" classname="edu.jsu.mcis.DatabaseTest" time="2.734"/>
  <testcase name="testInvalidKeyThrowsCourseException" classname="edu.jsu.mcis.DatabaseTest" time="1.677"/>
  <testcase name="testStudents" classname="edu.jsu.mcis.DatabaseTest" time="1.347"/>
  <testcase name="testGetStudentStrings" classname="edu.jsu.mcis.DatabaseTest" time="1.493"/>
  <testcase name="testAddCourseInfo1" classname="edu.jsu.mcis.DatabaseTest" time="1.628"/>
  <testcase name="testAddCourseInfo2" classname="edu.jsu.mcis.DatabaseTest" time="1.542"/>
  <testcase name="testCourses" classname="edu.jsu.mcis.DatabaseTest" time="1.446"/>
  <testcase name="testOnlineDatabase" classname="edu.jsu.mcis.DatabaseTest" time="1.26"/>
  <testcase name="testGetCourseStrings" classname="edu.jsu.mcis.DatabaseTest" time="1.303"/>
  <system-out><![CDATA[]]></system-out>
  <system-err><![CDATA[]]></system-err>
</testsuite>
