<?xml version="1.0" encoding="UTF-8"?>
<testsuite name="edu.jsu.mcis.CourseExceptionTest" tests="1" skipped="0" failures="0" errors="0" timestamp="2017-03-01T18:58:24" hostname="Encrypted" time="0.0">
  <properties/>
  <testcase name="testCoursetExceptionDoesThrowException" classname="edu.jsu.mcis.CourseExceptionTest" time="0.0"/>
  <system-out><![CDATA[]]></system-out>
  <system-err><![CDATA[]]></system-err>
</testsuite>
