<?xml version="1.0" encoding="UTF-8"?>
<testsuite name="edu.jsu.mcis.gamegogy.DatabaseTest" tests="9" skipped="0" failures="0" errors="0" timestamp="2017-04-21T03:44:56" hostname="Joel" time="15.272">
  <properties/>
  <testcase name="testInvalidKeyThrowsStudentException" classname="edu.jsu.mcis.gamegogy.DatabaseTest" time="2.809"/>
  <testcase name="testInvalidKeyThrowsCourseException" classname="edu.jsu.mcis.gamegogy.DatabaseTest" time="1.888"/>
  <testcase name="testStudents" classname="edu.jsu.mcis.gamegogy.DatabaseTest" time="1.654"/>
  <testcase name="testGetStudentStrings" classname="edu.jsu.mcis.gamegogy.DatabaseTest" time="1.707"/>
  <testcase name="testAddCourseInfo1" classname="edu.jsu.mcis.gamegogy.DatabaseTest" time="1.494"/>
  <testcase name="testAddCourseInfo2" classname="edu.jsu.mcis.gamegogy.DatabaseTest" time="1.168"/>
  <testcase name="testCourses" classname="edu.jsu.mcis.gamegogy.DatabaseTest" time="1.674"/>
  <testcase name="testOnlineDatabase" classname="edu.jsu.mcis.gamegogy.DatabaseTest" time="1.531"/>
  <testcase name="testGetCourseStrings" classname="edu.jsu.mcis.gamegogy.DatabaseTest" time="1.343"/>
  <system-out><![CDATA[]]></system-out>
  <system-err><![CDATA[]]></system-err>
</testsuite>
