<?xml version="1.0" encoding="UTF-8"?>
<testsuite name="edu.jsu.mcis.gamegogy.CSVReaderTest" tests="4" skipped="0" failures="0" errors="0" timestamp="2017-04-21T03:22:16" hostname="Joel" time="0.023">
  <properties/>
  <testcase name="testGetStudent" classname="edu.jsu.mcis.gamegogy.CSVReaderTest" time="0.009"/>
  <testcase name="testGetInvalidStudentThrowsException" classname="edu.jsu.mcis.gamegogy.CSVReaderTest" time="0.004"/>
  <testcase name="testGetInvalidCourseThrowsException" classname="edu.jsu.mcis.gamegogy.CSVReaderTest" time="0.005"/>
  <testcase name="testConstructor" classname="edu.jsu.mcis.gamegogy.CSVReaderTest" time="0.004"/>
  <system-out><![CDATA[]]></system-out>
  <system-err><![CDATA[]]></system-err>
</testsuite>
