<?xml version="1.0" encoding="UTF-8"?>
<testsuite name="edu.jsu.mcis.gamegogy.LeaderboardTest" tests="1" skipped="0" failures="0" errors="0" timestamp="2017-04-18T19:27:58" hostname="Joel" time="0.0">
  <properties/>
  <testcase name="testGetShapes" classname="edu.jsu.mcis.gamegogy.LeaderboardTest" time="0.0"/>
  <system-out><![CDATA[]]></system-out>
  <system-err><![CDATA[]]></system-err>
</testsuite>
