<?xml version="1.0" encoding="UTF-8"?>
<testsuite name="edu.jsu.mcis.gamegogy.GUITest" tests="2" skipped="0" failures="0" errors="0" timestamp="2017-04-19T17:12:11" hostname="Joel" time="1.131">
  <properties/>
  <testcase name="testWindowOpensOnRuntime" classname="edu.jsu.mcis.gamegogy.GUITest" time="1.131"/>
  <testcase name="testHelpUrlExsist" classname="edu.jsu.mcis.gamegogy.GUITest" time="0.0"/>
  <system-out><![CDATA[]]></system-out>
  <system-err><![CDATA[]]></system-err>
</testsuite>
