<?xml version="1.0" encoding="UTF-8"?>
<testsuite name="edu.jsu.mcis.gamegogy.AssignmentTest" tests="3" skipped="0" failures="0" errors="0" timestamp="2017-04-19T17:12:02" hostname="Joel" time="0.006">
  <properties/>
  <testcase name="testAssignmentInitializedProperly" classname="edu.jsu.mcis.gamegogy.AssignmentTest" time="0.003"/>
  <testcase name="testAddStudentAndScore" classname="edu.jsu.mcis.gamegogy.AssignmentTest" time="0.0"/>
  <testcase name="testCorrectTopStudentAndScore" classname="edu.jsu.mcis.gamegogy.AssignmentTest" time="0.0"/>
  <system-out><![CDATA[]]></system-out>
  <system-err><![CDATA[]]></system-err>
</testsuite>
