<?xml version="1.0" encoding="UTF-8"?>
<testsuite name="edu.jsu.mcis.DatabaseTest" tests="9" skipped="0" failures="0" errors="0" timestamp="2017-04-18T16:26:27" hostname="Joel" time="10.329">
  <properties/>
  <testcase name="testInvalidKeyThrowsStudentException" classname="edu.jsu.mcis.DatabaseTest" time="1.19"/>
  <testcase name="testInvalidKeyThrowsCourseException" classname="edu.jsu.mcis.DatabaseTest" time="1.112"/>
  <testcase name="testStudents" classname="edu.jsu.mcis.DatabaseTest" time="1.262"/>
  <testcase name="testGetStudentStrings" classname="edu.jsu.mcis.DatabaseTest" time="1.117"/>
  <testcase name="testAddCourseInfo1" classname="edu.jsu.mcis.DatabaseTest" time="1.105"/>
  <testcase name="testAddCourseInfo2" classname="edu.jsu.mcis.DatabaseTest" time="1.098"/>
  <testcase name="testCourses" classname="edu.jsu.mcis.DatabaseTest" time="1.127"/>
  <testcase name="testOnlineDatabase" classname="edu.jsu.mcis.DatabaseTest" time="1.129"/>
  <testcase name="testGetCourseStrings" classname="edu.jsu.mcis.DatabaseTest" time="1.186"/>
  <system-out><![CDATA[]]></system-out>
  <system-err><![CDATA[]]></system-err>
</testsuite>
