<?xml version="1.0" encoding="UTF-8"?>
<testsuite name="edu.jsu.mcis.MainTest" tests="7" skipped="0" failures="0" errors="0" timestamp="2017-04-18T16:26:48" hostname="Joel" time="0.152">
  <properties/>
  <testcase name="testInvalidStudentArgsThrowsStudentException" classname="edu.jsu.mcis.MainTest" time="0.012"/>
  <testcase name="testInvalidCourseArgsThrowsCourseException" classname="edu.jsu.mcis.MainTest" time="0.009"/>
  <testcase name="testWindowOpensOnRuntime" classname="edu.jsu.mcis.MainTest" time="0.081"/>
  <testcase name="testCorrectStudentArgsYieldCorrectOutput" classname="edu.jsu.mcis.MainTest" time="0.015"/>
  <testcase name="testCorrectCourseArgsYieldCorrectOutput" classname="edu.jsu.mcis.MainTest" time="0.018"/>
  <testcase name="testCorrectSingleArgYieldsCorrectOutput1" classname="edu.jsu.mcis.MainTest" time="0.009"/>
  <testcase name="testCorrectSingleArgYieldsCorrectOutput2" classname="edu.jsu.mcis.MainTest" time="0.008"/>
  <system-out><![CDATA[]]></system-out>
  <system-err><![CDATA[]]></system-err>
</testsuite>
