<?xml version="1.0" encoding="UTF-8"?>
<testsuite name="edu.jsu.mcis.gamegogy.CourseTest" tests="7" skipped="0" failures="0" errors="0" timestamp="2017-04-20T00:41:00" hostname="Joel" time="0.003">
  <properties/>
  <testcase name="testAssignmentsAreCorrectlyAddedToAssignmentList" classname="edu.jsu.mcis.gamegogy.CourseTest" time="0.002"/>
  <testcase name="testGetAssignmentsReturnsArrayListofStrings" classname="edu.jsu.mcis.gamegogy.CourseTest" time="0.0"/>
  <testcase name="testAddAssignment" classname="edu.jsu.mcis.gamegogy.CourseTest" time="0.0"/>
  <testcase name="testToString" classname="edu.jsu.mcis.gamegogy.CourseTest" time="0.0"/>
  <testcase name="testCourseisInitalizedProperly" classname="edu.jsu.mcis.gamegogy.CourseTest" time="0.0"/>
  <testcase name="testCourseisInitializedProperly2" classname="edu.jsu.mcis.gamegogy.CourseTest" time="0.0"/>
  <testcase name="testGettingNonexistentAssignmentThrowsException" classname="edu.jsu.mcis.gamegogy.CourseTest" time="0.0"/>
  <system-out><![CDATA[]]></system-out>
  <system-err><![CDATA[]]></system-err>
</testsuite>
